D:\Github\lu-pokeemerald-savedata-codegen\codegen-main\x64\Release\\Qt5Core.dll
D:\Github\lu-pokeemerald-savedata-codegen\codegen-main\x64\Release\\Qt5Gui.dll
D:\Github\lu-pokeemerald-savedata-codegen\codegen-main\x64\Release\\Qt5Svg.dll
D:\Github\lu-pokeemerald-savedata-codegen\codegen-main\x64\Release\\Qt5Widgets.dll
D:\Github\lu-pokeemerald-savedata-codegen\codegen-main\x64\Release\\libGLESv2.dll
D:\Github\lu-pokeemerald-savedata-codegen\codegen-main\x64\Release\\libEGL.dll
D:\Github\lu-pokeemerald-savedata-codegen\codegen-main\x64\Release\\D3Dcompiler_47.dll
D:\Github\lu-pokeemerald-savedata-codegen\codegen-main\x64\Release\\opengl32sw.dll
D:\Github\lu-pokeemerald-savedata-codegen\codegen-main\x64\Release\iconengines\qsvgicon.dll
D:\Github\lu-pokeemerald-savedata-codegen\codegen-main\x64\Release\imageformats\qgif.dll
D:\Github\lu-pokeemerald-savedata-codegen\codegen-main\x64\Release\imageformats\qicns.dll
D:\Github\lu-pokeemerald-savedata-codegen\codegen-main\x64\Release\imageformats\qico.dll
D:\Github\lu-pokeemerald-savedata-codegen\codegen-main\x64\Release\imageformats\qjpeg.dll
D:\Github\lu-pokeemerald-savedata-codegen\codegen-main\x64\Release\imageformats\qsvg.dll
D:\Github\lu-pokeemerald-savedata-codegen\codegen-main\x64\Release\imageformats\qtga.dll
D:\Github\lu-pokeemerald-savedata-codegen\codegen-main\x64\Release\imageformats\qtiff.dll
D:\Github\lu-pokeemerald-savedata-codegen\codegen-main\x64\Release\imageformats\qwbmp.dll
D:\Github\lu-pokeemerald-savedata-codegen\codegen-main\x64\Release\imageformats\qwebp.dll
D:\Github\lu-pokeemerald-savedata-codegen\codegen-main\x64\Release\platforms\qwindows.dll
D:\Github\lu-pokeemerald-savedata-codegen\codegen-main\x64\Release\styles\qwindowsvistastyle.dll
D:\Github\lu-pokeemerald-savedata-codegen\codegen-main\x64\Release\translations\qt_ar.qm
D:\Github\lu-pokeemerald-savedata-codegen\codegen-main\x64\Release\translations\qtbase_ar.qm
D:\Github\lu-pokeemerald-savedata-codegen\codegen-main\x64\Release\translations\qt_bg.qm
D:\Github\lu-pokeemerald-savedata-codegen\codegen-main\x64\Release\translations\qtbase_bg.qm
D:\Github\lu-pokeemerald-savedata-codegen\codegen-main\x64\Release\translations\qt_ca.qm
D:\Github\lu-pokeemerald-savedata-codegen\codegen-main\x64\Release\translations\qtbase_ca.qm
D:\Github\lu-pokeemerald-savedata-codegen\codegen-main\x64\Release\translations\qt_cs.qm
D:\Github\lu-pokeemerald-savedata-codegen\codegen-main\x64\Release\translations\qtbase_cs.qm
D:\Github\lu-pokeemerald-savedata-codegen\codegen-main\x64\Release\translations\qt_da.qm
D:\Github\lu-pokeemerald-savedata-codegen\codegen-main\x64\Release\translations\qtbase_da.qm
D:\Github\lu-pokeemerald-savedata-codegen\codegen-main\x64\Release\translations\qt_de.qm
D:\Github\lu-pokeemerald-savedata-codegen\codegen-main\x64\Release\translations\qtbase_de.qm
D:\Github\lu-pokeemerald-savedata-codegen\codegen-main\x64\Release\translations\qt_en.qm
D:\Github\lu-pokeemerald-savedata-codegen\codegen-main\x64\Release\translations\qtbase_en.qm
D:\Github\lu-pokeemerald-savedata-codegen\codegen-main\x64\Release\translations\qt_es.qm
D:\Github\lu-pokeemerald-savedata-codegen\codegen-main\x64\Release\translations\qtbase_es.qm
D:\Github\lu-pokeemerald-savedata-codegen\codegen-main\x64\Release\translations\qt_fi.qm
D:\Github\lu-pokeemerald-savedata-codegen\codegen-main\x64\Release\translations\qtbase_fi.qm
D:\Github\lu-pokeemerald-savedata-codegen\codegen-main\x64\Release\translations\qt_fr.qm
D:\Github\lu-pokeemerald-savedata-codegen\codegen-main\x64\Release\translations\qtbase_fr.qm
D:\Github\lu-pokeemerald-savedata-codegen\codegen-main\x64\Release\translations\qt_gd.qm
D:\Github\lu-pokeemerald-savedata-codegen\codegen-main\x64\Release\translations\qtbase_gd.qm
D:\Github\lu-pokeemerald-savedata-codegen\codegen-main\x64\Release\translations\qt_he.qm
D:\Github\lu-pokeemerald-savedata-codegen\codegen-main\x64\Release\translations\qtbase_he.qm
D:\Github\lu-pokeemerald-savedata-codegen\codegen-main\x64\Release\translations\qt_hu.qm
D:\Github\lu-pokeemerald-savedata-codegen\codegen-main\x64\Release\translations\qtbase_hu.qm
D:\Github\lu-pokeemerald-savedata-codegen\codegen-main\x64\Release\translations\qt_it.qm
D:\Github\lu-pokeemerald-savedata-codegen\codegen-main\x64\Release\translations\qtbase_it.qm
D:\Github\lu-pokeemerald-savedata-codegen\codegen-main\x64\Release\translations\qt_ja.qm
D:\Github\lu-pokeemerald-savedata-codegen\codegen-main\x64\Release\translations\qtbase_ja.qm
D:\Github\lu-pokeemerald-savedata-codegen\codegen-main\x64\Release\translations\qt_ko.qm
D:\Github\lu-pokeemerald-savedata-codegen\codegen-main\x64\Release\translations\qtbase_ko.qm
D:\Github\lu-pokeemerald-savedata-codegen\codegen-main\x64\Release\translations\qt_lv.qm
D:\Github\lu-pokeemerald-savedata-codegen\codegen-main\x64\Release\translations\qtbase_lv.qm
D:\Github\lu-pokeemerald-savedata-codegen\codegen-main\x64\Release\translations\qt_pl.qm
D:\Github\lu-pokeemerald-savedata-codegen\codegen-main\x64\Release\translations\qtbase_pl.qm
D:\Github\lu-pokeemerald-savedata-codegen\codegen-main\x64\Release\translations\qt_ru.qm
D:\Github\lu-pokeemerald-savedata-codegen\codegen-main\x64\Release\translations\qtbase_ru.qm
D:\Github\lu-pokeemerald-savedata-codegen\codegen-main\x64\Release\translations\qt_sk.qm
D:\Github\lu-pokeemerald-savedata-codegen\codegen-main\x64\Release\translations\qtbase_sk.qm
D:\Github\lu-pokeemerald-savedata-codegen\codegen-main\x64\Release\translations\qt_tr.qm
D:\Github\lu-pokeemerald-savedata-codegen\codegen-main\x64\Release\translations\qtbase_tr.qm
D:\Github\lu-pokeemerald-savedata-codegen\codegen-main\x64\Release\translations\qt_uk.qm
D:\Github\lu-pokeemerald-savedata-codegen\codegen-main\x64\Release\translations\qtbase_uk.qm
D:\Github\lu-pokeemerald-savedata-codegen\codegen-main\x64\Release\translations\qt_zh_TW.qm
D:\Github\lu-pokeemerald-savedata-codegen\codegen-main\x64\Release\translations\qtbase_zh_TW.qm
